<?xml version="1.0" encoding="UTF-8"?>
<testsuite xmlns:xsi="http://www.w3.org/2001/XMLSchema-instance" xsi:noNamespaceSchemaLocation="https://maven.apache.org/surefire/maven-surefire-plugin/xsd/surefire-test-report.xsd" name="com.xl.rpc.test.TestConcurrent" time="0.003" tests="0" errors="0" skipped="0" failures="0">
  <properties>
    <property name="gopherProxySet" value="false"/>
    <property name="awt.toolkit" value="sun.lwawt.macosx.LWCToolkit"/>
    <property name="socksProxyHost" value="127.0.0.1"/>
    <property name="http.proxyHost" value="127.0.0.1"/>
    <property name="java.specification.version" value="1.8"/>
    <property name="file.encoding.pkg" value="sun.io"/>
    <property name="sun.cpu.isalist" value=""/>
    <property name="sun.jnu.encoding" value="UTF-8"/>
    <property name="java.class.path" value="/Users/xuliang/Documents/xl-rpc/xl-rpc/XLRPC/target/test-classes:/Users/xuliang/Documents/xl-rpc/xl-rpc/XLRPC/target/classes:/Users/xuliang/Documents/xl-rpc-respory/com/google/protobuf/protobuf-java/3.0.0/protobuf-java-3.0.0.jar:/Users/xuliang/Documents/xl-rpc-respory/org/springframework/boot/spring-boot-starter/2.1.3.RELEASE/spring-boot-starter-2.1.3.RELEASE.jar:/Users/xuliang/Documents/xl-rpc-respory/org/springframework/boot/spring-boot/2.1.3.RELEASE/spring-boot-2.1.3.RELEASE.jar:/Users/xuliang/Documents/xl-rpc-respory/org/springframework/spring-context/5.1.5.RELEASE/spring-context-5.1.5.RELEASE.jar:/Users/xuliang/Documents/xl-rpc-respory/org/springframework/boot/spring-boot-autoconfigure/2.1.3.RELEASE/spring-boot-autoconfigure-2.1.3.RELEASE.jar:/Users/xuliang/Documents/xl-rpc-respory/org/springframework/boot/spring-boot-starter-logging/2.1.3.RELEASE/spring-boot-starter-logging-2.1.3.RELEASE.jar:/Users/xuliang/Documents/xl-rpc-respory/org/apache/logging/log4j/log4j-to-slf4j/2.11.2/log4j-to-slf4j-2.11.2.jar:/Users/xuliang/Documents/xl-rpc-respory/org/apache/logging/log4j/log4j-api/2.11.2/log4j-api-2.11.2.jar:/Users/xuliang/Documents/xl-rpc-respory/org/slf4j/jul-to-slf4j/1.7.25/jul-to-slf4j-1.7.25.jar:/Users/xuliang/Documents/xl-rpc-respory/javax/annotation/javax.annotation-api/1.3.2/javax.annotation-api-1.3.2.jar:/Users/xuliang/Documents/xl-rpc-respory/org/springframework/spring-core/5.1.5.RELEASE/spring-core-5.1.5.RELEASE.jar:/Users/xuliang/Documents/xl-rpc-respory/org/springframework/spring-jcl/5.1.5.RELEASE/spring-jcl-5.1.5.RELEASE.jar:/Users/xuliang/Documents/xl-rpc-respory/org/yaml/snakeyaml/1.23/snakeyaml-1.23.jar:/Users/xuliang/Documents/xl-rpc-respory/org/springframework/boot/spring-boot-starter-test/2.1.3.RELEASE/spring-boot-starter-test-2.1.3.RELEASE.jar:/Users/xuliang/Documents/xl-rpc-respory/org/springframework/boot/spring-boot-test/2.1.3.RELEASE/spring-boot-test-2.1.3.RELEASE.jar:/Users/xuliang/Documents/xl-rpc-respory/org/springframework/boot/spring-boot-test-autoconfigure/2.1.3.RELEASE/spring-boot-test-autoconfigure-2.1.3.RELEASE.jar:/Users/xuliang/Documents/xl-rpc-respory/com/jayway/jsonpath/json-path/2.4.0/json-path-2.4.0.jar:/Users/xuliang/Documents/xl-rpc-respory/net/minidev/json-smart/2.3/json-smart-2.3.jar:/Users/xuliang/Documents/xl-rpc-respory/net/minidev/accessors-smart/1.2/accessors-smart-1.2.jar:/Users/xuliang/Documents/xl-rpc-respory/org/ow2/asm/asm/5.0.4/asm-5.0.4.jar:/Users/xuliang/Documents/xl-rpc-respory/org/assertj/assertj-core/3.11.1/assertj-core-3.11.1.jar:/Users/xuliang/Documents/xl-rpc-respory/org/mockito/mockito-core/2.23.4/mockito-core-2.23.4.jar:/Users/xuliang/Documents/xl-rpc-respory/net/bytebuddy/byte-buddy/1.9.10/byte-buddy-1.9.10.jar:/Users/xuliang/Documents/xl-rpc-respory/net/bytebuddy/byte-buddy-agent/1.9.10/byte-buddy-agent-1.9.10.jar:/Users/xuliang/Documents/xl-rpc-respory/org/hamcrest/hamcrest-core/1.3/hamcrest-core-1.3.jar:/Users/xuliang/Documents/xl-rpc-respory/org/hamcrest/hamcrest-library/1.3/hamcrest-library-1.3.jar:/Users/xuliang/Documents/xl-rpc-respory/org/skyscreamer/jsonassert/1.5.0/jsonassert-1.5.0.jar:/Users/xuliang/Documents/xl-rpc-respory/com/vaadin/external/google/android-json/0.0.20131108.vaadin1/android-json-0.0.20131108.vaadin1.jar:/Users/xuliang/Documents/xl-rpc-respory/org/springframework/spring-test/5.1.5.RELEASE/spring-test-5.1.5.RELEASE.jar:/Users/xuliang/Documents/xl-rpc-respory/org/xmlunit/xmlunit-core/2.6.2/xmlunit-core-2.6.2.jar:/Users/xuliang/Documents/xl-rpc-respory/org/springframework/boot/spring-boot-starter-web/2.1.3.RELEASE/spring-boot-starter-web-2.1.3.RELEASE.jar:/Users/xuliang/Documents/xl-rpc-respory/org/springframework/boot/spring-boot-starter-json/2.1.3.RELEASE/spring-boot-starter-json-2.1.3.RELEASE.jar:/Users/xuliang/Documents/xl-rpc-respory/com/fasterxml/jackson/core/jackson-databind/2.9.8/jackson-databind-2.9.8.jar:/Users/xuliang/Documents/xl-rpc-respory/com/fasterxml/jackson/core/jackson-annotations/2.9.0/jackson-annotations-2.9.0.jar:/Users/xuliang/Documents/xl-rpc-respory/com/fasterxml/jackson/core/jackson-core/2.9.8/jackson-core-2.9.8.jar:/Users/xuliang/Documents/xl-rpc-respory/com/fasterxml/jackson/datatype/jackson-datatype-jdk8/2.9.8/jackson-datatype-jdk8-2.9.8.jar:/Users/xuliang/Documents/xl-rpc-respory/com/fasterxml/jackson/datatype/jackson-datatype-jsr310/2.9.8/jackson-datatype-jsr310-2.9.8.jar:/Users/xuliang/Documents/xl-rpc-respory/com/fasterxml/jackson/module/jackson-module-parameter-names/2.9.8/jackson-module-parameter-names-2.9.8.jar:/Users/xuliang/Documents/xl-rpc-respory/org/springframework/boot/spring-boot-starter-tomcat/2.1.3.RELEASE/spring-boot-starter-tomcat-2.1.3.RELEASE.jar:/Users/xuliang/Documents/xl-rpc-respory/org/apache/tomcat/embed/tomcat-embed-core/9.0.16/tomcat-embed-core-9.0.16.jar:/Users/xuliang/Documents/xl-rpc-respory/org/apache/tomcat/embed/tomcat-embed-el/9.0.16/tomcat-embed-el-9.0.16.jar:/Users/xuliang/Documents/xl-rpc-respory/org/apache/tomcat/embed/tomcat-embed-websocket/9.0.16/tomcat-embed-websocket-9.0.16.jar:/Users/xuliang/Documents/xl-rpc-respory/org/hibernate/validator/hibernate-validator/6.0.14.Final/hibernate-validator-6.0.14.Final.jar:/Users/xuliang/Documents/xl-rpc-respory/javax/validation/validation-api/2.0.1.Final/validation-api-2.0.1.Final.jar:/Users/xuliang/Documents/xl-rpc-respory/org/jboss/logging/jboss-logging/3.3.2.Final/jboss-logging-3.3.2.Final.jar:/Users/xuliang/Documents/xl-rpc-respory/com/fasterxml/classmate/1.4.0/classmate-1.4.0.jar:/Users/xuliang/Documents/xl-rpc-respory/org/springframework/spring-web/5.1.5.RELEASE/spring-web-5.1.5.RELEASE.jar:/Users/xuliang/Documents/xl-rpc-respory/org/springframework/spring-beans/5.1.5.RELEASE/spring-beans-5.1.5.RELEASE.jar:/Users/xuliang/Documents/xl-rpc-respory/org/springframework/spring-webmvc/5.1.5.RELEASE/spring-webmvc-5.1.5.RELEASE.jar:/Users/xuliang/Documents/xl-rpc-respory/org/springframework/spring-aop/5.1.5.RELEASE/spring-aop-5.1.5.RELEASE.jar:/Users/xuliang/Documents/xl-rpc-respory/org/springframework/spring-expression/5.1.5.RELEASE/spring-expression-5.1.5.RELEASE.jar:/Users/xuliang/Documents/xl-rpc-respory/io/netty/netty-all/4.1.54.Final/netty-all-4.1.54.Final.jar:/Users/xuliang/Documents/xl-rpc-respory/junit/junit/3.8.1/junit-3.8.1.jar:/Users/xuliang/Documents/xl-rpc-respory/ch/qos/logback/logback-classic/1.1.7/logback-classic-1.1.7.jar:/Users/xuliang/Documents/xl-rpc-respory/ch/qos/logback/logback-core/1.1.7/logback-core-1.1.7.jar:/Users/xuliang/Documents/xl-rpc-respory/org/slf4j/slf4j-api/1.7.21/slf4j-api-1.7.21.jar:/Users/xuliang/Documents/xl-rpc-respory/io/protostuff/protostuff-core/1.7.2/protostuff-core-1.7.2.jar:/Users/xuliang/Documents/xl-rpc-respory/io/protostuff/protostuff-api/1.7.2/protostuff-api-1.7.2.jar:/Users/xuliang/Documents/xl-rpc-respory/io/protostuff/protostuff-runtime/1.7.2/protostuff-runtime-1.7.2.jar:/Users/xuliang/Documents/xl-rpc-respory/io/protostuff/protostuff-collectionschema/1.7.2/protostuff-collectionschema-1.7.2.jar:/Users/xuliang/Documents/xl-rpc-respory/org/objenesis/objenesis/2.1/objenesis-2.1.jar:/Users/xuliang/Documents/xl-rpc-respory/com/google/guava/guava/21.0/guava-21.0.jar:/Users/xuliang/Documents/xl-rpc-respory/commons-lang/commons-lang/2.6/commons-lang-2.6.jar:/Users/xuliang/Documents/xl-rpc-respory/org/apache/commons/commons-lang3/3.5/commons-lang3-3.5.jar:/Users/xuliang/Documents/xl-rpc-respory/commons-codec/commons-codec/1.4/commons-codec-1.4.jar:/Users/xuliang/Documents/xl-rpc-respory/commons-fileupload/commons-fileupload/1.2.2/commons-fileupload-1.2.2.jar:/Users/xuliang/Documents/xl-rpc-respory/commons-io/commons-io/2.1/commons-io-2.1.jar:/Users/xuliang/Documents/xl-rpc-respory/commons-collections/commons-collections/3.2.1/commons-collections-3.2.1.jar:/Users/xuliang/Documents/xl-rpc-respory/commons-pool/commons-pool/1.6/commons-pool-1.6.jar:/Users/xuliang/Documents/xl-rpc-respory/org/apache/commons/commons-pool2/2.0/commons-pool2-2.0.jar:/Users/xuliang/Documents/xl-rpc-respory/org/projectlombok/lombok/1.16.18/lombok-1.16.18.jar:/Users/xuliang/Documents/xl-rpc-respory/org/json/json/20090211/json-20090211.jar:/Users/xuliang/Documents/xl-rpc-respory/net/sf/json-lib/json-lib/2.4/json-lib-2.4-jdk15.jar:/Users/xuliang/Documents/xl-rpc-respory/commons-beanutils/commons-beanutils/1.8.0/commons-beanutils-1.8.0.jar:/Users/xuliang/Documents/xl-rpc-respory/net/sf/ezmorph/ezmorph/1.0.6/ezmorph-1.0.6.jar:/Users/xuliang/Documents/xl-rpc-respory/org/codehaus/jackson/jackson-mapper-asl/1.8.5/jackson-mapper-asl-1.8.5.jar:/Users/xuliang/Documents/xl-rpc-respory/org/codehaus/jackson/jackson-core-asl/1.8.5/jackson-core-asl-1.8.5.jar:/Users/xuliang/Documents/xl-rpc-respory/com/alibaba/fastjson/1.2.34/fastjson-1.2.34.jar:/Users/xuliang/Documents/xl-rpc-respory/org/xerial/snappy/snappy-java/1.1.8.1/snappy-java-1.1.8.1.jar:/Users/xuliang/Documents/xl-rpc-respory/com/github/adyliu/zkclient/2.0/zkclient-2.0.jar:/Users/xuliang/Documents/xl-rpc-respory/org/apache/zookeeper/zookeeper/3.4.5/zookeeper-3.4.5.jar:/Users/xuliang/Documents/xl-rpc-respory/org/slf4j/slf4j-log4j12/1.7.25/slf4j-log4j12-1.7.25.jar:/Users/xuliang/Documents/xl-rpc-respory/log4j/log4j/1.2.16/log4j-1.2.16.jar:"/>
    <property name="https.proxyPort" value="7890"/>
    <property name="java.vm.vendor" value="Oracle Corporation"/>
    <property name="sun.arch.data.model" value="64"/>
    <property name="java.vendor.url" value="http://java.oracle.com/"/>
    <property name="user.timezone" value=""/>
    <property name="java.vm.specification.version" value="1.8"/>
    <property name="os.name" value="Mac OS X"/>
    <property name="user.country" value="CN"/>
    <property name="sun.java.launcher" value="SUN_STANDARD"/>
    <property name="sun.boot.library.path" value="/Library/Java/JavaVirtualMachines/jdk1.8.0_241.jdk/Contents/Home/jre/lib"/>
    <property name="sun.java.command" value="/Users/xuliang/Documents/xl-rpc/xl-rpc/XLRPC/target/surefire/surefirebooter2113705733286082841.jar /Users/xuliang/Documents/xl-rpc/xl-rpc/XLRPC/target/surefire 2021-08-12T15-11-02_067-jvmRun1 surefire3726455298949104764tmp surefire_02467724597461041668tmp"/>
    <property name="http.nonProxyHosts" value="192.168.0.0/16|*.192.168.0.0/16|10.0.0.0/8|*.10.0.0.0/8|172.16.0.0/12|*.172.16.0.0/12|127.0.0.1|localhost|*.localhost|local|*.local|timestamp.apple.com|*.timestamp.apple.com"/>
    <property name="surefire.test.class.path" value="/Users/xuliang/Documents/xl-rpc/xl-rpc/XLRPC/target/test-classes:/Users/xuliang/Documents/xl-rpc/xl-rpc/XLRPC/target/classes:/Users/xuliang/Documents/xl-rpc-respory/com/google/protobuf/protobuf-java/3.0.0/protobuf-java-3.0.0.jar:/Users/xuliang/Documents/xl-rpc-respory/org/springframework/boot/spring-boot-starter/2.1.3.RELEASE/spring-boot-starter-2.1.3.RELEASE.jar:/Users/xuliang/Documents/xl-rpc-respory/org/springframework/boot/spring-boot/2.1.3.RELEASE/spring-boot-2.1.3.RELEASE.jar:/Users/xuliang/Documents/xl-rpc-respory/org/springframework/spring-context/5.1.5.RELEASE/spring-context-5.1.5.RELEASE.jar:/Users/xuliang/Documents/xl-rpc-respory/org/springframework/boot/spring-boot-autoconfigure/2.1.3.RELEASE/spring-boot-autoconfigure-2.1.3.RELEASE.jar:/Users/xuliang/Documents/xl-rpc-respory/org/springframework/boot/spring-boot-starter-logging/2.1.3.RELEASE/spring-boot-starter-logging-2.1.3.RELEASE.jar:/Users/xuliang/Documents/xl-rpc-respory/org/apache/logging/log4j/log4j-to-slf4j/2.11.2/log4j-to-slf4j-2.11.2.jar:/Users/xuliang/Documents/xl-rpc-respory/org/apache/logging/log4j/log4j-api/2.11.2/log4j-api-2.11.2.jar:/Users/xuliang/Documents/xl-rpc-respory/org/slf4j/jul-to-slf4j/1.7.25/jul-to-slf4j-1.7.25.jar:/Users/xuliang/Documents/xl-rpc-respory/javax/annotation/javax.annotation-api/1.3.2/javax.annotation-api-1.3.2.jar:/Users/xuliang/Documents/xl-rpc-respory/org/springframework/spring-core/5.1.5.RELEASE/spring-core-5.1.5.RELEASE.jar:/Users/xuliang/Documents/xl-rpc-respory/org/springframework/spring-jcl/5.1.5.RELEASE/spring-jcl-5.1.5.RELEASE.jar:/Users/xuliang/Documents/xl-rpc-respory/org/yaml/snakeyaml/1.23/snakeyaml-1.23.jar:/Users/xuliang/Documents/xl-rpc-respory/org/springframework/boot/spring-boot-starter-test/2.1.3.RELEASE/spring-boot-starter-test-2.1.3.RELEASE.jar:/Users/xuliang/Documents/xl-rpc-respory/org/springframework/boot/spring-boot-test/2.1.3.RELEASE/spring-boot-test-2.1.3.RELEASE.jar:/Users/xuliang/Documents/xl-rpc-respory/org/springframework/boot/spring-boot-test-autoconfigure/2.1.3.RELEASE/spring-boot-test-autoconfigure-2.1.3.RELEASE.jar:/Users/xuliang/Documents/xl-rpc-respory/com/jayway/jsonpath/json-path/2.4.0/json-path-2.4.0.jar:/Users/xuliang/Documents/xl-rpc-respory/net/minidev/json-smart/2.3/json-smart-2.3.jar:/Users/xuliang/Documents/xl-rpc-respory/net/minidev/accessors-smart/1.2/accessors-smart-1.2.jar:/Users/xuliang/Documents/xl-rpc-respory/org/ow2/asm/asm/5.0.4/asm-5.0.4.jar:/Users/xuliang/Documents/xl-rpc-respory/org/assertj/assertj-core/3.11.1/assertj-core-3.11.1.jar:/Users/xuliang/Documents/xl-rpc-respory/org/mockito/mockito-core/2.23.4/mockito-core-2.23.4.jar:/Users/xuliang/Documents/xl-rpc-respory/net/bytebuddy/byte-buddy/1.9.10/byte-buddy-1.9.10.jar:/Users/xuliang/Documents/xl-rpc-respory/net/bytebuddy/byte-buddy-agent/1.9.10/byte-buddy-agent-1.9.10.jar:/Users/xuliang/Documents/xl-rpc-respory/org/hamcrest/hamcrest-core/1.3/hamcrest-core-1.3.jar:/Users/xuliang/Documents/xl-rpc-respory/org/hamcrest/hamcrest-library/1.3/hamcrest-library-1.3.jar:/Users/xuliang/Documents/xl-rpc-respory/org/skyscreamer/jsonassert/1.5.0/jsonassert-1.5.0.jar:/Users/xuliang/Documents/xl-rpc-respory/com/vaadin/external/google/android-json/0.0.20131108.vaadin1/android-json-0.0.20131108.vaadin1.jar:/Users/xuliang/Documents/xl-rpc-respory/org/springframework/spring-test/5.1.5.RELEASE/spring-test-5.1.5.RELEASE.jar:/Users/xuliang/Documents/xl-rpc-respory/org/xmlunit/xmlunit-core/2.6.2/xmlunit-core-2.6.2.jar:/Users/xuliang/Documents/xl-rpc-respory/org/springframework/boot/spring-boot-starter-web/2.1.3.RELEASE/spring-boot-starter-web-2.1.3.RELEASE.jar:/Users/xuliang/Documents/xl-rpc-respory/org/springframework/boot/spring-boot-starter-json/2.1.3.RELEASE/spring-boot-starter-json-2.1.3.RELEASE.jar:/Users/xuliang/Documents/xl-rpc-respory/com/fasterxml/jackson/core/jackson-databind/2.9.8/jackson-databind-2.9.8.jar:/Users/xuliang/Documents/xl-rpc-respory/com/fasterxml/jackson/core/jackson-annotations/2.9.0/jackson-annotations-2.9.0.jar:/Users/xuliang/Documents/xl-rpc-respory/com/fasterxml/jackson/core/jackson-core/2.9.8/jackson-core-2.9.8.jar:/Users/xuliang/Documents/xl-rpc-respory/com/fasterxml/jackson/datatype/jackson-datatype-jdk8/2.9.8/jackson-datatype-jdk8-2.9.8.jar:/Users/xuliang/Documents/xl-rpc-respory/com/fasterxml/jackson/datatype/jackson-datatype-jsr310/2.9.8/jackson-datatype-jsr310-2.9.8.jar:/Users/xuliang/Documents/xl-rpc-respory/com/fasterxml/jackson/module/jackson-module-parameter-names/2.9.8/jackson-module-parameter-names-2.9.8.jar:/Users/xuliang/Documents/xl-rpc-respory/org/springframework/boot/spring-boot-starter-tomcat/2.1.3.RELEASE/spring-boot-starter-tomcat-2.1.3.RELEASE.jar:/Users/xuliang/Documents/xl-rpc-respory/org/apache/tomcat/embed/tomcat-embed-core/9.0.16/tomcat-embed-core-9.0.16.jar:/Users/xuliang/Documents/xl-rpc-respory/org/apache/tomcat/embed/tomcat-embed-el/9.0.16/tomcat-embed-el-9.0.16.jar:/Users/xuliang/Documents/xl-rpc-respory/org/apache/tomcat/embed/tomcat-embed-websocket/9.0.16/tomcat-embed-websocket-9.0.16.jar:/Users/xuliang/Documents/xl-rpc-respory/org/hibernate/validator/hibernate-validator/6.0.14.Final/hibernate-validator-6.0.14.Final.jar:/Users/xuliang/Documents/xl-rpc-respory/javax/validation/validation-api/2.0.1.Final/validation-api-2.0.1.Final.jar:/Users/xuliang/Documents/xl-rpc-respory/org/jboss/logging/jboss-logging/3.3.2.Final/jboss-logging-3.3.2.Final.jar:/Users/xuliang/Documents/xl-rpc-respory/com/fasterxml/classmate/1.4.0/classmate-1.4.0.jar:/Users/xuliang/Documents/xl-rpc-respory/org/springframework/spring-web/5.1.5.RELEASE/spring-web-5.1.5.RELEASE.jar:/Users/xuliang/Documents/xl-rpc-respory/org/springframework/spring-beans/5.1.5.RELEASE/spring-beans-5.1.5.RELEASE.jar:/Users/xuliang/Documents/xl-rpc-respory/org/springframework/spring-webmvc/5.1.5.RELEASE/spring-webmvc-5.1.5.RELEASE.jar:/Users/xuliang/Documents/xl-rpc-respory/org/springframework/spring-aop/5.1.5.RELEASE/spring-aop-5.1.5.RELEASE.jar:/Users/xuliang/Documents/xl-rpc-respory/org/springframework/spring-expression/5.1.5.RELEASE/spring-expression-5.1.5.RELEASE.jar:/Users/xuliang/Documents/xl-rpc-respory/io/netty/netty-all/4.1.54.Final/netty-all-4.1.54.Final.jar:/Users/xuliang/Documents/xl-rpc-respory/junit/junit/3.8.1/junit-3.8.1.jar:/Users/xuliang/Documents/xl-rpc-respory/ch/qos/logback/logback-classic/1.1.7/logback-classic-1.1.7.jar:/Users/xuliang/Documents/xl-rpc-respory/ch/qos/logback/logback-core/1.1.7/logback-core-1.1.7.jar:/Users/xuliang/Documents/xl-rpc-respory/org/slf4j/slf4j-api/1.7.21/slf4j-api-1.7.21.jar:/Users/xuliang/Documents/xl-rpc-respory/io/protostuff/protostuff-core/1.7.2/protostuff-core-1.7.2.jar:/Users/xuliang/Documents/xl-rpc-respory/io/protostuff/protostuff-api/1.7.2/protostuff-api-1.7.2.jar:/Users/xuliang/Documents/xl-rpc-respory/io/protostuff/protostuff-runtime/1.7.2/protostuff-runtime-1.7.2.jar:/Users/xuliang/Documents/xl-rpc-respory/io/protostuff/protostuff-collectionschema/1.7.2/protostuff-collectionschema-1.7.2.jar:/Users/xuliang/Documents/xl-rpc-respory/org/objenesis/objenesis/2.1/objenesis-2.1.jar:/Users/xuliang/Documents/xl-rpc-respory/com/google/guava/guava/21.0/guava-21.0.jar:/Users/xuliang/Documents/xl-rpc-respory/commons-lang/commons-lang/2.6/commons-lang-2.6.jar:/Users/xuliang/Documents/xl-rpc-respory/org/apache/commons/commons-lang3/3.5/commons-lang3-3.5.jar:/Users/xuliang/Documents/xl-rpc-respory/commons-codec/commons-codec/1.4/commons-codec-1.4.jar:/Users/xuliang/Documents/xl-rpc-respory/commons-fileupload/commons-fileupload/1.2.2/commons-fileupload-1.2.2.jar:/Users/xuliang/Documents/xl-rpc-respory/commons-io/commons-io/2.1/commons-io-2.1.jar:/Users/xuliang/Documents/xl-rpc-respory/commons-collections/commons-collections/3.2.1/commons-collections-3.2.1.jar:/Users/xuliang/Documents/xl-rpc-respory/commons-pool/commons-pool/1.6/commons-pool-1.6.jar:/Users/xuliang/Documents/xl-rpc-respory/org/apache/commons/commons-pool2/2.0/commons-pool2-2.0.jar:/Users/xuliang/Documents/xl-rpc-respory/org/projectlombok/lombok/1.16.18/lombok-1.16.18.jar:/Users/xuliang/Documents/xl-rpc-respory/org/json/json/20090211/json-20090211.jar:/Users/xuliang/Documents/xl-rpc-respory/net/sf/json-lib/json-lib/2.4/json-lib-2.4-jdk15.jar:/Users/xuliang/Documents/xl-rpc-respory/commons-beanutils/commons-beanutils/1.8.0/commons-beanutils-1.8.0.jar:/Users/xuliang/Documents/xl-rpc-respory/net/sf/ezmorph/ezmorph/1.0.6/ezmorph-1.0.6.jar:/Users/xuliang/Documents/xl-rpc-respory/org/codehaus/jackson/jackson-mapper-asl/1.8.5/jackson-mapper-asl-1.8.5.jar:/Users/xuliang/Documents/xl-rpc-respory/org/codehaus/jackson/jackson-core-asl/1.8.5/jackson-core-asl-1.8.5.jar:/Users/xuliang/Documents/xl-rpc-respory/com/alibaba/fastjson/1.2.34/fastjson-1.2.34.jar:/Users/xuliang/Documents/xl-rpc-respory/org/xerial/snappy/snappy-java/1.1.8.1/snappy-java-1.1.8.1.jar:/Users/xuliang/Documents/xl-rpc-respory/com/github/adyliu/zkclient/2.0/zkclient-2.0.jar:/Users/xuliang/Documents/xl-rpc-respory/org/apache/zookeeper/zookeeper/3.4.5/zookeeper-3.4.5.jar:/Users/xuliang/Documents/xl-rpc-respory/org/slf4j/slf4j-log4j12/1.7.25/slf4j-log4j12-1.7.25.jar:/Users/xuliang/Documents/xl-rpc-respory/log4j/log4j/1.2.16/log4j-1.2.16.jar:"/>
    <property name="sun.cpu.endian" value="little"/>
    <property name="user.home" value="/Users/xuliang"/>
    <property name="user.language" value="zh"/>
    <property name="java.specification.vendor" value="Oracle Corporation"/>
    <property name="java.home" value="/Library/Java/JavaVirtualMachines/jdk1.8.0_241.jdk/Contents/Home/jre"/>
    <property name="basedir" value="/Users/xuliang/Documents/xl-rpc/xl-rpc/XLRPC"/>
    <property name="https.proxyHost" value="127.0.0.1"/>
    <property name="file.separator" value="/"/>
    <property name="line.separator" value="&#10;"/>
    <property name="java.vm.specification.vendor" value="Oracle Corporation"/>
    <property name="java.specification.name" value="Java Platform API Specification"/>
    <property name="java.awt.graphicsenv" value="sun.awt.CGraphicsEnvironment"/>
    <property name="surefire.real.class.path" value="/Users/xuliang/Documents/xl-rpc/xl-rpc/XLRPC/target/surefire/surefirebooter2113705733286082841.jar"/>
    <property name="sun.boot.class.path" value="/Library/Java/JavaVirtualMachines/jdk1.8.0_241.jdk/Contents/Home/jre/lib/resources.jar:/Library/Java/JavaVirtualMachines/jdk1.8.0_241.jdk/Contents/Home/jre/lib/rt.jar:/Library/Java/JavaVirtualMachines/jdk1.8.0_241.jdk/Contents/Home/jre/lib/sunrsasign.jar:/Library/Java/JavaVirtualMachines/jdk1.8.0_241.jdk/Contents/Home/jre/lib/jsse.jar:/Library/Java/JavaVirtualMachines/jdk1.8.0_241.jdk/Contents/Home/jre/lib/jce.jar:/Library/Java/JavaVirtualMachines/jdk1.8.0_241.jdk/Contents/Home/jre/lib/charsets.jar:/Library/Java/JavaVirtualMachines/jdk1.8.0_241.jdk/Contents/Home/jre/lib/jfr.jar:/Library/Java/JavaVirtualMachines/jdk1.8.0_241.jdk/Contents/Home/jre/classes"/>
    <property name="sun.management.compiler" value="HotSpot 64-Bit Tiered Compilers"/>
    <property name="ftp.nonProxyHosts" value="192.168.0.0/16|*.192.168.0.0/16|10.0.0.0/8|*.10.0.0.0/8|172.16.0.0/12|*.172.16.0.0/12|127.0.0.1|localhost|*.localhost|local|*.local|timestamp.apple.com|*.timestamp.apple.com"/>
    <property name="java.runtime.version" value="1.8.0_241-b07"/>
    <property name="user.name" value="xuliang"/>
    <property name="path.separator" value=":"/>
    <property name="os.version" value="10.13.6"/>
    <property name="java.endorsed.dirs" value="/Library/Java/JavaVirtualMachines/jdk1.8.0_241.jdk/Contents/Home/jre/lib/endorsed"/>
    <property name="java.runtime.name" value="Java(TM) SE Runtime Environment"/>
    <property name="file.encoding" value="UTF-8"/>
    <property name="java.vm.name" value="Java HotSpot(TM) 64-Bit Server VM"/>
    <property name="idea.version2020.1" value="true"/>
    <property name="localRepository" value="/Users/xuliang/Documents/xl-rpc-respory"/>
    <property name="java.vendor.url.bug" value="http://bugreport.sun.com/bugreport/"/>
    <property name="java.io.tmpdir" value="/var/folders/r0/_357tnqs73v66q9b2nqddsbc0000gn/T/"/>
    <property name="java.version" value="1.8.0_241"/>
    <property name="user.dir" value="/Users/xuliang/Documents/xl-rpc/xl-rpc/XLRPC"/>
    <property name="os.arch" value="x86_64"/>
    <property name="socksProxyPort" value="7890"/>
    <property name="java.vm.specification.name" value="Java Virtual Machine Specification"/>
    <property name="java.awt.printerjob" value="sun.lwawt.macosx.CPrinterJob"/>
    <property name="sun.os.patch.level" value="unknown"/>
    <property name="java.library.path" value="/Users/xuliang/Library/Java/Extensions:/Library/Java/Extensions:/Network/Library/Java/Extensions:/System/Library/Java/Extensions:/usr/lib/java:."/>
    <property name="java.vm.info" value="mixed mode"/>
    <property name="java.vendor" value="Oracle Corporation"/>
    <property name="java.vm.version" value="25.241-b07"/>
    <property name="java.ext.dirs" value="/Users/xuliang/Library/Java/Extensions:/Library/Java/JavaVirtualMachines/jdk1.8.0_241.jdk/Contents/Home/jre/lib/ext:/Library/Java/Extensions:/Network/Library/Java/Extensions:/System/Library/Java/Extensions:/usr/lib/java"/>
    <property name="sun.io.unicode.encoding" value="UnicodeBig"/>
    <property name="maven.repo.local" value="/Users/xuliang/Documents/xl-rpc-respory"/>
    <property name="java.class.version" value="52.0"/>
    <property name="socksNonProxyHosts" value="192.168.0.0/16|*.192.168.0.0/16|10.0.0.0/8|*.10.0.0.0/8|172.16.0.0/12|*.172.16.0.0/12|127.0.0.1|localhost|*.localhost|local|*.local|timestamp.apple.com|*.timestamp.apple.com"/>
    <property name="http.proxyPort" value="7890"/>
  </properties>
</testsuite>